Wed Dec 16 11:09:33 CET 2020 : Apache Derby Network Server - 10.14.2.0 - (1828579) démarré et prêt à accepter les connexions sur le port 1527
----------------------------------------------------------------
Wed Dec 16 11:09:51 CET 2020:
Amorçage de Derby version The Apache Software Foundation - Apache Derby - 10.14.2.0 - (1828579) : instance a816c00e-0176-6b06-9b44-ffffe1b7338d 
dans le répertoire de base de données C:\Users\julie\LO54\Data\Projects\LO54-JAVA\BDD\Derby\ECOLE avec le chargeur de classe jdk.internal.loader.ClassLoaders$AppClassLoader@2cdf8d8a
Chargé de file:/C:/Users/julie/LO54/App/jdk/db/lib/derby.jar
java.vendor=Oracle Corporation
java.runtime.version=11.0.4+10-LTS
user.dir=C:\Users\julie\LO54\App\jdk\db
os.name=Windows 10
os.arch=amd64
os.version=10.0
derby.system.home=C:\Users\julie\LO54\Data\Projects\LO54-JAVA\BDD\Derby
Chargeur de classe de la base de données démarré - derby.database.classpath = ''
----------------------------------------------------------------
Wed Dec 16 11:11:59 CET 2020 : fermeture du moteur Derby
----------------------------------------------------------------
Wed Dec 16 11:11:59 CET 2020:
Fermeture de l'instance a816c00e-0176-6b06-9b44-ffffe1b7338d sur le répertoire de base de données C:\Users\julie\LO54\Data\Projects\LO54-JAVA\BDD\Derby\ECOLE avec le chargeur de classe jdk.internal.loader.ClassLoaders$AppClassLoader@2cdf8d8a 
----------------------------------------------------------------
